unityLibrary/build/intermediates/manifest_merge_blame_file/debug/manifest-merger-blame-debug-report.txt
1<?xml version="1.0" encoding="utf-8"?>
2<!-- GENERATED BY UNITY. REMOVE THIS COMMENT TO PREVENT OVERWRITING WHEN EXPORTING AGAIN -->
3<manifest xmlns:android="http://schemas.android.com/apk/res/android"
4    xmlns:tools="http://schemas.android.com/tools"
5    package="com.unity3d.player"
6    android:versionCode="1"
7    android:versionName="1.01" >
8
9    <uses-sdk
10        android:minSdkVersion="19"
10-->src\main\AndroidManifest.xml
11        android:targetSdkVersion="32" />
11-->src\main\AndroidManifest.xml
12
13    <uses-feature android:glEsVersion="0x00020000" />
13-->src\main\AndroidManifest.xml:19:3-52
13-->src\main\AndroidManifest.xml:19:17-49
14    <uses-feature
14-->src\main\AndroidManifest.xml:20:3-91
15        android:name="android.hardware.vulkan.version"
15-->src\main\AndroidManifest.xml:20:17-63
16        android:required="false" />
16-->src\main\AndroidManifest.xml:20:64-88
17
18    <uses-permission android:name="android.permission.INTERNET" />
18-->src\main\AndroidManifest.xml:21:3-65
18-->src\main\AndroidManifest.xml:21:20-62
19
20    <uses-feature
20-->src\main\AndroidManifest.xml:22:3-97
21        android:name="android.hardware.sensor.accelerometer"
21-->src\main\AndroidManifest.xml:22:17-69
22        android:required="false" />
22-->src\main\AndroidManifest.xml:22:70-94
23    <uses-feature
23-->src\main\AndroidManifest.xml:23:3-88
24        android:name="android.hardware.touchscreen"
24-->src\main\AndroidManifest.xml:23:17-60
25        android:required="false" />
25-->src\main\AndroidManifest.xml:23:61-85
26    <uses-feature
26-->src\main\AndroidManifest.xml:24:3-99
27        android:name="android.hardware.touchscreen.multitouch"
27-->src\main\AndroidManifest.xml:24:17-71
28        android:required="false" />
28-->src\main\AndroidManifest.xml:24:72-96
29    <uses-feature
29-->src\main\AndroidManifest.xml:25:3-108
30        android:name="android.hardware.touchscreen.multitouch.distinct"
30-->src\main\AndroidManifest.xml:25:17-80
31        android:required="false" />
31-->src\main\AndroidManifest.xml:25:81-105
32
33    <application android:theme="@style/UnityThemeSelector.Translucent" >
33-->src\main\AndroidManifest.xml:4:3-18:17
33-->src\main\AndroidManifest.xml:4:16-69
34        <activity
34-->src\main\AndroidManifest.xml:5:5-12:16
35            android:name="com.unity3d.player.UnityPlayerActivity"
35-->src\main\AndroidManifest.xml:5:15-68
36            android:configChanges="mcc|mnc|locale|touchscreen|keyboard|keyboardHidden|navigation|orientation|screenLayout|uiMode|screenSize|smallestScreenSize|fontScale|layoutDirection|density"
36-->src\main\AndroidManifest.xml:5:145-326
37            android:exported="true"
37-->src\main\AndroidManifest.xml:5:452-475
38            android:hardwareAccelerated="false"
38-->src\main\AndroidManifest.xml:5:416-451
39            android:launchMode="singleTask"
39-->src\main\AndroidManifest.xml:5:113-144
40            android:resizeableActivity="false"
40-->src\main\AndroidManifest.xml:5:327-361
41            android:screenOrientation="sensorLandscape"
41-->src\main\AndroidManifest.xml:5:69-112
42            android:theme="@style/UnityThemeSelector.Translucent" >
42-->src\main\AndroidManifest.xml:5:362-415
43            <intent-filter>
43-->src\main\AndroidManifest.xml:6:7-9:23
44                <action android:name="android.intent.action.MAIN" />
44-->src\main\AndroidManifest.xml:7:9-61
44-->src\main\AndroidManifest.xml:7:17-58
45
46                <category android:name="android.intent.category.LAUNCHER" />
46-->src\main\AndroidManifest.xml:8:9-69
46-->src\main\AndroidManifest.xml:8:19-66
47            </intent-filter>
48
49            <meta-data
49-->src\main\AndroidManifest.xml:10:7-82
50                android:name="unityplayer.UnityActivity"
50-->src\main\AndroidManifest.xml:10:18-58
51                android:value="true" />
51-->src\main\AndroidManifest.xml:10:59-79
52            <meta-data
52-->src\main\AndroidManifest.xml:11:7-78
53                android:name="android.notch_support"
53-->src\main\AndroidManifest.xml:11:18-54
54                android:value="true" />
54-->src\main\AndroidManifest.xml:11:55-75
55        </activity>
56
57        <meta-data
57-->src\main\AndroidManifest.xml:13:5-69
58            android:name="unity.splash-mode"
58-->src\main\AndroidManifest.xml:13:16-48
59            android:value="0" />
59-->src\main\AndroidManifest.xml:13:49-66
60        <meta-data
60-->src\main\AndroidManifest.xml:14:5-74
61            android:name="unity.splash-enable"
61-->src\main\AndroidManifest.xml:14:16-50
62            android:value="True" />
62-->src\main\AndroidManifest.xml:14:51-71
63        <meta-data
63-->src\main\AndroidManifest.xml:15:5-84
64            android:name="unity.allow-resizable-window"
64-->src\main\AndroidManifest.xml:15:16-59
65            android:value="False" />
65-->src\main\AndroidManifest.xml:15:60-81
66        <meta-data
66-->src\main\AndroidManifest.xml:16:5-81
67            android:name="notch.config"
67-->src\main\AndroidManifest.xml:16:16-43
68            android:value="portrait|landscape" />
68-->src\main\AndroidManifest.xml:16:44-78
69        <meta-data
69-->src\main\AndroidManifest.xml:17:5-101
70            android:name="unity.build-id"
70-->src\main\AndroidManifest.xml:17:16-45
71            android:value="05f99c77-8e98-46c8-8f7e-d9092261cdec" />
71-->src\main\AndroidManifest.xml:17:46-98
72    </application>
73
74</manifest>